********************************************************************************
product = Open Liberty 24.0.0.4 (wlp-1.0.88.cl240420240408-2000)
wlp.install.dir = /Users/grvuolo/Library/CloudStorage/Box-Box/Lab/liberty/spring-liberty/target/liberty/wlp/
java.home = /Library/Java/JavaVirtualMachines/temurin-21.jdk/Contents/Home
java.version = 21.0.2
java.runtime = OpenJDK Runtime Environment (21.0.2+13-LTS)
os = Mac OS X (14.4.1; aarch64) (en_ES)
process = 30420@Giovannis-MacBook-Pro.local
Classpath = /Users/grvuolo/Library/CloudStorage/Box-Box/Lab/liberty/spring-liberty/target/liberty/wlp/bin/tools/ws-server.jar
Java Library path = /Users/grvuolo/Library/Java/Extensions:/Library/Java/Extensions:/Network/Library/Java/Extensions:/System/Library/Java/Extensions:/usr/lib/java:.
********************************************************************************
[5/16/24, 11:07:32:930 CEST] 00000001 com.ibm.ws.kernel.launch.internal.FrameworkManager           A CWWKE0001I: The server defaultServer has been launched.
[5/16/24, 11:07:33:201 CEST] 0000002a com.ibm.ws.config.xml.internal.ServerXMLConfiguration        A CWWKG0093A: Processing configuration drop-ins resource: /Users/grvuolo/Library/CloudStorage/Box-Box/Lab/liberty/spring-liberty/target/liberty/wlp/usr/servers/defaultServer/configDropins/defaults/install_apps_configuration_1491924271.xml
[5/16/24, 11:07:33:302 CEST] 00000001 com.ibm.ws.kernel.launch.internal.FrameworkManager           I CWWKE0002I: The kernel started after 0.512 seconds
[5/16/24, 11:07:33:313 CEST] 00000035 com.ibm.ws.kernel.feature.internal.FeatureManager            I CWWKF0007I: Feature update started.
[5/16/24, 11:07:33:600 CEST] 00000028 com.ibm.ws.app.manager.internal.monitor.DropinMonitor        A CWWKZ0058I: Monitoring dropins for applications.
[5/16/24, 11:07:33:690 CEST] 00000031 com.ibm.ws.ssl.config.WSKeyStore                             A CWPKI0820A: The default keystore has been created using the 'keystore_password' environment variable.
[5/16/24, 11:07:33:692 CEST] 00000031 com.ibm.ws.ssl.config.WSKeyStore                             I CWPKI0802I: Creating the SSL certificate. This may take a few seconds.
[5/16/24, 11:07:33:734 CEST] 0000003d com.ibm.ws.app.manager.AppMessageHelper                      I CWWKZ0018I: Starting application spring-liberty.
[5/16/24, 11:07:33:820 CEST] 0000003d com.ibm.ws.session.WASSessionCore                            I SESN8501I: The session manager did not find a persistent storage location; HttpSession objects will be stored in the local application server's memory.
[5/16/24, 11:07:33:828 CEST] 00000043 SystemOut                                                    O Arguments array = [--server.servlet.context-path=/testpath, --myarg=myval]
[5/16/24, 11:07:34:187 CEST] 00000043 SystemOut                                                    O   .   ____          _            __ _ _
 /\\ / ___'_ __ _ _(_)_ __  __ _ \ \ \ \
( ( )\___ | '_ | '_| | '_ \/ _` | \ \ \ \
 \\/  ___)| |_)| | | | | || (_| |  ) ) ) )
  '  |____| .__|_| |_|_| |_\__, | / / / /
 =========|_|==============|___/=/_/_/_/
[5/16/24, 11:07:34:189 CEST] 00000043 SystemOut                                                    O  :: Spring Boot ::       (v3.3.0-SNAPSHOT)
[5/16/24, 11:07:34:243 CEST] 00000043 SystemOut                                                    O 2024-05-16T11:07:34.243+02:00  INFO 30420 --- [spring-liberty] [ecutor-thread-6] demo.SpringLibertyApplication            : Starting SpringLibertyApplication using Java 21.0.2 with PID 30420 (/Users/grvuolo/Library/CloudStorage/Box-Box/Lab/liberty/spring-liberty/target/liberty/wlp/usr/servers/defaultServer/apps/thin-spring-liberty-0.0.1-SNAPSHOT.war started by grvuolo in /Users/grvuolo/Library/CloudStorage/Box-Box/Lab/liberty/spring-liberty/target/liberty/wlp/usr/servers/defaultServer)
[5/16/24, 11:07:34:244 CEST] 00000043 SystemOut                                                    O 2024-05-16T11:07:34.244+02:00  INFO 30420 --- [spring-liberty] [ecutor-thread-6] demo.SpringLibertyApplication            : No active profile set, falling back to 1 default profile: "default"
[5/16/24, 11:07:34:311 CEST] 00000031 com.ibm.ws.ssl.config.WSKeyStore                             A CWPKI0803A: SSL certificate created in 0.619 seconds. SSL key file: /Users/grvuolo/Library/CloudStorage/Box-Box/Lab/liberty/spring-liberty/target/liberty/wlp/usr/servers/defaultServer/resources/security/key.p12
[5/16/24, 11:07:34:311 CEST] 00000031 com.ibm.ws.ssl.config.WSKeyStore                             I Successfully loaded default keystore: /Users/grvuolo/Library/CloudStorage/Box-Box/Lab/liberty/spring-liberty/target/liberty/wlp/usr/servers/defaultServer/resources/security/key.p12 of type: PKCS12
[5/16/24, 11:07:34:778 CEST] 00000043 com.ibm.ws.webcontainer.osgi.webapp.WebGroup                 I SRVE0169I: Loading Web Module: 0-0.
[5/16/24, 11:07:34:779 CEST] 00000043 com.ibm.ws.webcontainer                                      I SRVE0250I: Web Module 0-0 has been bound to default_host.
[5/16/24, 11:07:34:780 CEST] 00000043 com.ibm.ws.http.internal.VirtualHostImpl                     A CWWKT0016I: Web application available (default_host): http://localhost:9080/testpath/
[5/16/24, 11:07:34:853 CEST] 00000052 com.ibm.ws.session.WASSessionCore                            I SESN0176I: A new session context will be created for application key default_host/testpath
[5/16/24, 11:07:34:856 CEST] 00000052 com.ibm.ws.util                                              I SESN0172I: The session manager is using the Java default SecureRandom implementation for session ID generation.
[5/16/24, 11:07:34:889 CEST] 00000052 com.ibm.ws.webcontainer.webapp                               I SRVE0292I: Servlet Message - [0-0]:.Initializing Spring embedded WebApplicationContext
[5/16/24, 11:07:34:889 CEST] 00000052 SystemOut                                                    O 2024-05-16T11:07:34.889+02:00  INFO 30420 --- [spring-liberty] [cutor-thread-16] w.s.c.ServletWebServerApplicationContext : Root WebApplicationContext: initialization completed in 619 ms
[5/16/24, 11:07:35:086 CEST] 00000043 SystemOut                                                    O 2024-05-16T11:07:35.086+02:00  INFO 30420 --- [spring-liberty] [ecutor-thread-6] demo.SpringLibertyApplication            : Started SpringLibertyApplication in 1.084 seconds (process running for 2.37)
[5/16/24, 11:07:35:089 CEST] 0000003d com.ibm.ws.app.manager.AppMessageHelper                      A CWWKZ0001I: Application spring-liberty started in 1.354 seconds.
[5/16/24, 11:07:35:099 CEST] 00000035 com.ibm.ws.tcpchannel.internal.TCPPort                       I CWWKO0219I: TCP Channel defaultHttpEndpoint has been started and is now listening for requests on host localhost  (IPv4: 127.0.0.1) port 9080.
[5/16/24, 11:07:35:103 CEST] 00000035 com.ibm.ws.tcpchannel.internal.TCPPort                       I CWWKO0219I: TCP Channel defaultHttpEndpoint-ssl has been started and is now listening for requests on host localhost  (IPv4: 127.0.0.1) port 9443.
[5/16/24, 11:07:35:109 CEST] 00000035 com.ibm.ws.kernel.feature.internal.FeatureManager            A CWWKF0012I: The server installed the following features: [expressionLanguage-5.0, pages-3.1, servlet-6.0, springBoot-3.0, ssl-1.0, transportSecurity-1.0, websocket-2.1].
[5/16/24, 11:07:35:109 CEST] 00000035 com.ibm.ws.kernel.feature.internal.FeatureManager            I CWWKF0008I: Feature update completed in 1.808 seconds.
[5/16/24, 11:07:35:109 CEST] 00000035 com.ibm.ws.kernel.feature.internal.FeatureManager            A CWWKF0011I: The defaultServer server is ready to run a smarter planet. The defaultServer server started in 2.320 seconds.
[5/16/24, 11:07:35:170 CEST] 00000040 com.ibm.ws.webcontainer.osgi.mbeans.PluginGenerator          I SRVE9103I: A configuration file for a web server plugin was automatically generated for this server at /Users/grvuolo/Library/CloudStorage/Box-Box/Lab/liberty/spring-liberty/target/liberty/wlp/usr/servers/defaultServer/logs/state/plugin-cfg.xml.
[5/16/24, 11:08:07:478 CEST] 0000003d com.ibm.ws.webcontainer.webapp                               I SRVE0292I: Servlet Message - [0-0]:.Initializing Spring DispatcherServlet 'dispatcherServlet'
[5/16/24, 11:08:07:479 CEST] 0000003d SystemOut                                                    O 2024-05-16T11:08:07.479+02:00  INFO 30420 --- [spring-liberty] [ecutor-thread-3] o.s.web.servlet.DispatcherServlet        : Initializing Servlet 'dispatcherServlet'
[5/16/24, 11:08:07:480 CEST] 0000003d SystemOut                                                    O 2024-05-16T11:08:07.480+02:00  INFO 30420 --- [spring-liberty] [ecutor-thread-3] o.s.web.servlet.DispatcherServlet        : Completed initialization in 1 ms
[5/16/24, 11:08:07:480 CEST] 0000003d com.ibm.ws.webcontainer.servlet                              I SRVE0242I: [spring-liberty] [/testpath] [dispatcherServlet]: Initialization successful.
[5/16/24, 11:09:15:565 CEST] 0000001b com.ibm.ws.kernel.launch.internal.FrameworkManager           A CWWKE0085I: The server defaultServer is stopping because the JVM is exiting.
[5/16/24, 11:09:15:567 CEST] 00000045 com.ibm.ws.http.internal.VirtualHostImpl                     A CWWKT0017I: Web application removed (default_host): http://localhost:9080/testpath/
[5/16/24, 11:09:15:567 CEST] 00000059 com.ibm.ws.runtime.update.internal.RuntimeUpdateManagerImpl  A CWWKE1100I: Waiting for up to 30 seconds for the server to quiesce.
[5/16/24, 11:09:15:570 CEST] 00000055 com.ibm.ws.tcpchannel.internal.TCPChannel                    I CWWKO0220I: TCP Channel defaultHttpEndpoint-ssl has stopped listening for requests on host localhost  (IPv4: 127.0.0.1) port 9443.
[5/16/24, 11:09:15:571 CEST] 00000055 com.ibm.ws.tcpchannel.internal.TCPChannel                    I CWWKO0220I: TCP Channel defaultHttpEndpoint has stopped listening for requests on host localhost  (IPv4: 127.0.0.1) port 9080.
[5/16/24, 11:09:15:727 CEST] 0000001c com.ibm.ws.kernel.launch.internal.ServerCommandListener      A CWWKE0055I: Server shutdown requested on Thursday, May 16, 2024 at 11:09 AM. The server defaultServer is shutting down.
[5/16/24, 11:09:16:577 CEST] 00000059 com.ibm.ws.runtime.update.internal.RuntimeUpdateManagerImpl  I CWWKE1101I: Server quiesce complete.
[5/16/24, 11:09:16:588 CEST] 00000040 com.ibm.ws.app.manager.AppMessageHelper                      A CWWKZ0009I: The application spring-liberty has stopped successfully.
[5/16/24, 11:09:16:676 CEST] 00000001 com.ibm.ws.kernel.launch.internal.FrameworkManager           A CWWKE0036I: The server defaultServer stopped after 1 minutes, 43.887 seconds.
